\BOOKMARK [1][-]{section.1}{\376\377\000T\000h\000e\000\040\000s\000c\000o\000r\000e\000b\000o\000a\000r\000d}{}% 1
\BOOKMARK [1][-]{section.2}{\376\377\000W\000r\000i\000t\000e\000-\000U\000p}{}% 2
\BOOKMARK [2][-]{subsection.2.1}{\376\377\000B\000u\000l\000l\000y\000\040\000C\000h\000a\000t\000b\000o\000t\000\040\000\050\0001\000\051}{section.2}% 3
\BOOKMARK [2][-]{subsection.2.2}{\376\377\000M\000i\000s\000s\000i\000n\000g\000\040\000E\000n\000c\000o\000d\000i\000n\000g\000\040\000\050\0001\000\051}{section.2}% 4
\BOOKMARK [2][-]{subsection.2.3}{\376\377\000E\000x\000p\000o\000s\000e\000d\000\040\000M\000e\000t\000r\000i\000c\000s\000\040\000\050\0001\000\051}{section.2}% 5
\BOOKMARK [2][-]{subsection.2.4}{\376\377\000E\000r\000r\000o\000r\000\040\000H\000a\000n\000d\000l\000i\000n\000g\000\040\000\050\0001\000\051}{section.2}% 6
\BOOKMARK [2][-]{subsection.2.5}{\376\377\000R\000e\000p\000e\000t\000i\000t\000i\000v\000e\000\040\000R\000e\000g\000i\000s\000t\000r\000a\000t\000i\000o\000n\000\040\000\050\0001\000\051}{section.2}% 7
\BOOKMARK [2][-]{subsection.2.6}{\376\377\000E\000x\000p\000o\000s\000e\000d\000\040\000c\000r\000e\000d\000e\000n\000t\000i\000a\000l\000s\000\040\000\050\0002\000\051}{section.2}% 8
\BOOKMARK [2][-]{subsection.2.7}{\376\377\000M\000a\000s\000s\000\040\000D\000i\000s\000p\000e\000l\000\040\000\050\0001\000\051}{section.2}% 9
\BOOKMARK [2][-]{subsection.2.8}{\376\377\000A\000d\000m\000i\000n\000\040\000s\000u\000b\000s\000e\000c\000t\000i\000o\000n\000\040\000\050\0002\000\051}{section.2}% 10
\BOOKMARK [2][-]{subsection.2.9}{\376\377\000F\000i\000v\000e\000-\000S\000t\000a\000r\000\040\000F\000e\000e\000d\000b\000a\000c\000k\000\040\000\050\0002\000\051}{section.2}% 11
\BOOKMARK [2][-]{subsection.2.10}{\376\377\000L\000o\000g\000i\000n\000\040\000J\000i\000m\000\040\000\050\0003\000\051}{section.2}% 12
\BOOKMARK [2][-]{subsection.2.11}{\376\377\000E\000m\000p\000t\000y\000\040\000U\000s\000e\000r\000\040\000R\000e\000g\000i\000s\000t\000r\000a\000t\000i\000o\000n\000\040\000\050\0002\000\051}{section.2}% 13
\BOOKMARK [2][-]{subsection.2.12}{\376\377\000O\000u\000t\000d\000a\000t\000e\000d\000\040\000A\000l\000l\000o\000w\000l\000i\000s\000t\000\040\000\050\0001\000\051}{section.2}% 14
\BOOKMARK [2][-]{subsection.2.13}{\376\377\000V\000i\000s\000u\000a\000l\000\040\000G\000e\000o\000\040\000S\000t\000a\000l\000k\000i\000n\000g\000\040\000\050\0002\000\051}{section.2}% 15
\BOOKMARK [2][-]{subsection.2.14}{\376\377\000A\000d\000m\000i\000n\000\040\000R\000e\000g\000i\000s\000t\000r\000a\000t\000i\000o\000n\000\040\000\050\0003\000\051}{section.2}% 16
\BOOKMARK [2][-]{subsection.2.15}{\376\377\000F\000o\000r\000g\000e\000d\000\040\000F\000e\000e\000d\000b\000a\000c\000k\000\040\000\050\0003\000\051}{section.2}% 17
\BOOKMARK [2][-]{subsection.2.16}{\376\377\000N\000F\000T\000\040\000t\000a\000k\000e\000o\000v\000e\000r\000\040\000\050\0002\000\051}{section.2}% 18
\BOOKMARK [2][-]{subsection.2.17}{\376\377\000W\000e\000b\0003\000\040\000S\000a\000n\000d\000b\000o\000x\000\040\000\050\0001\000\051}{section.2}% 19
\BOOKMARK [2][-]{subsection.2.18}{\376\377\000U\000p\000l\000o\000a\000d\000\040\000T\000y\000p\000e\000\040\000\050\0003\000\051}{section.2}% 20
\BOOKMARK [2][-]{subsection.2.19}{\376\377\000U\000p\000l\000o\000a\000d\000\040\000S\000i\000z\000e\000\040\000\050\0003\000\051}{section.2}% 21
